<?xml version="1.0" encoding="UTF-8"?>
<!-- Generated by org.testng.reporters.JUnitXMLReporter -->
<testsuite hostname="soul-PC" ignored="0" name="Command line test" tests="9" failures="0" timestamp="28 oct. 2017 13:57:41 GMT" time="16.019" errors="0">
  <testcase name="createBailleurTest" time="5.53" classname="com.bootcamp.GenerateTableTest"/>
  <testcase name="createBeneficiaireTest" time="0.111" classname="com.bootcamp.GenerateTableTest"/>
  <testcase name="createChangePUTest" time="8.982" classname="com.bootcamp.GenerateTableTest"/>
  <testcase name="createFournisseurTest" time="0.051" classname="com.bootcamp.GenerateTableTest"/>
  <testcase name="generateQueryWithMySqlTest" time="1.022" classname="com.bootcamp.GenerateTableTest"/>
  <testcase name="generateTables" time="0.038" classname="com.bootcamp.GenerateTableTest"/>
  <testcase name="indicateurPerformanceTest" time="0.04" classname="com.bootcamp.GenerateTableTest"/>
  <testcase name="queryFindUnique" time="0.085" classname="com.bootcamp.GenerateTableTest"/>
  <testcase name="queryFindUnique" time="0.085" classname="com.bootcamp.RestBailleurTest"/>
</testsuite> <!-- Command line test -->
