<?xml version="1.0" encoding="UTF-8"?>
<testng-results skipped="0" failed="0" ignored="0" total="9" passed="9">
  <reporter-output>
  </reporter-output>
  <suite name="Command line suite" duration-ms="16019" started-at="2017-10-28T13:57:25Z" finished-at="2017-10-28T13:57:41Z">
    <groups>
    </groups>
    <test name="Command line test" duration-ms="16019" started-at="2017-10-28T13:57:25Z" finished-at="2017-10-28T13:57:41Z">
      <class name="com.bootcamp.GenerateTableTest">
        <test-method status="PASS" signature="createBailleurTest()[pri:0, instance:com.bootcamp.GenerateTableTest@eff760]" name="createBailleurTest" duration-ms="5530" started-at="2017-10-28T14:57:25Z" finished-at="2017-10-28T14:57:30Z">
          <reporter-output>
          </reporter-output>
        </test-method> <!-- createBailleurTest -->
        <test-method status="PASS" signature="createBeneficiaireTest()[pri:0, instance:com.bootcamp.GenerateTableTest@eff760]" name="createBeneficiaireTest" duration-ms="111" started-at="2017-10-28T14:57:30Z" finished-at="2017-10-28T14:57:31Z">
          <reporter-output>
          </reporter-output>
        </test-method> <!-- createBeneficiaireTest -->
        <test-method status="PASS" signature="createChangePUTest()[pri:0, instance:com.bootcamp.GenerateTableTest@eff760]" name="createChangePUTest" duration-ms="8982" started-at="2017-10-28T14:57:31Z" finished-at="2017-10-28T14:57:40Z">
          <reporter-output>
          </reporter-output>
        </test-method> <!-- createChangePUTest -->
        <test-method status="PASS" signature="createFournisseurTest()[pri:0, instance:com.bootcamp.GenerateTableTest@eff760]" name="createFournisseurTest" duration-ms="51" started-at="2017-10-28T14:57:40Z" finished-at="2017-10-28T14:57:40Z">
          <reporter-output>
          </reporter-output>
        </test-method> <!-- createFournisseurTest -->
        <test-method status="PASS" signature="generateQueryWithMySqlTest()[pri:0, instance:com.bootcamp.GenerateTableTest@eff760]" name="generateQueryWithMySqlTest" duration-ms="1022" started-at="2017-10-28T14:57:40Z" finished-at="2017-10-28T14:57:41Z">
          <reporter-output>
          </reporter-output>
        </test-method> <!-- generateQueryWithMySqlTest -->
        <test-method status="PASS" signature="generateTables()[pri:0, instance:com.bootcamp.GenerateTableTest@eff760]" name="generateTables" duration-ms="38" started-at="2017-10-28T14:57:41Z" finished-at="2017-10-28T14:57:41Z">
          <reporter-output>
          </reporter-output>
        </test-method> <!-- generateTables -->
        <test-method status="PASS" signature="indicateurPerformanceTest()[pri:0, instance:com.bootcamp.GenerateTableTest@eff760]" name="indicateurPerformanceTest" duration-ms="40" started-at="2017-10-28T14:57:41Z" finished-at="2017-10-28T14:57:41Z">
          <reporter-output>
          </reporter-output>
        </test-method> <!-- indicateurPerformanceTest -->
        <test-method status="PASS" signature="queryFindUnique()[pri:0, instance:com.bootcamp.GenerateTableTest@eff760]" name="queryFindUnique" duration-ms="85" started-at="2017-10-28T14:57:41Z" finished-at="2017-10-28T14:57:41Z">
          <reporter-output>
          </reporter-output>
        </test-method> <!-- queryFindUnique -->
      </class> <!-- com.bootcamp.GenerateTableTest -->
      <class name="com.bootcamp.RestBailleurTest">
        <test-method status="PASS" signature="queryFindUnique()[pri:0, instance:com.bootcamp.RestBailleurTest@e9a829]" name="queryFindUnique" duration-ms="85" started-at="2017-10-28T14:57:41Z" finished-at="2017-10-28T14:57:41Z">
          <reporter-output>
          </reporter-output>
        </test-method> <!-- queryFindUnique -->
      </class> <!-- com.bootcamp.RestBailleurTest -->
    </test> <!-- Command line test -->
  </suite> <!-- Command line suite -->
</testng-results>
